  Cliente.c
D:\IPCA\Estruturas de dados avançada\Projeto_EDA\Teste\Cliente.h(26,22): warning C4091: 'typedef ': ignored on left of 'Client' when no variable is declared
D:\IPCA\Estruturas de dados avançada\Projeto_EDA\Teste\Cliente.h(39,2): error C2061: syntax error: identifier 'Client'
D:\IPCA\Estruturas de dados avançada\Projeto_EDA\Teste\Cliente.h(40,12): error C2143: syntax error: missing '{' before '*'
D:\IPCA\Estruturas de dados avançada\Projeto_EDA\Teste\Cliente.h(41,1): error C2059: syntax error: '}'
D:\IPCA\Estruturas de dados avançada\Projeto_EDA\Teste\Cliente.h(48,24): error C2143: syntax error: missing ')' before '*'
D:\IPCA\Estruturas de dados avançada\Projeto_EDA\Teste\Cliente.h(48,24): error C2143: syntax error: missing '{' before '*'
D:\IPCA\Estruturas de dados avançada\Projeto_EDA\Teste\Cliente.h(48,36): error C2059: syntax error: ')'
D:\IPCA\Estruturas de dados avançada\Projeto_EDA\Teste\Cliente.h(54,11): error C2143: syntax error: missing '{' before '*'
D:\IPCA\Estruturas de dados avançada\Projeto_EDA\Teste\Cliente.h(54,42): error C2143: syntax error: missing ')' before '*'
D:\IPCA\Estruturas de dados avançada\Projeto_EDA\Teste\Cliente.h(54,42): error C2143: syntax error: missing '{' before '*'
D:\IPCA\Estruturas de dados avançada\Projeto_EDA\Teste\Cliente.h(54,60): error C2059: syntax error: 'type'
D:\IPCA\Estruturas de dados avançada\Projeto_EDA\Teste\Cliente.h(54,97): error C2059: syntax error: ')'
D:\IPCA\Estruturas de dados avançada\Projeto_EDA\Teste\Cliente.h(60,11): error C2143: syntax error: missing '{' before '*'
D:\IPCA\Estruturas de dados avançada\Projeto_EDA\Teste\Cliente.h(66,11): error C2143: syntax error: missing '{' before '*'
D:\IPCA\Estruturas de dados avançada\Projeto_EDA\Teste\Cliente.h(72,43): error C2143: syntax error: missing ')' before '*'
D:\IPCA\Estruturas de dados avançada\Projeto_EDA\Teste\Cliente.h(72,43): error C2081: 'ClientList': name in formal parameter list illegal
D:\IPCA\Estruturas de dados avançada\Projeto_EDA\Teste\Cliente.h(72,43): error C2143: syntax error: missing '{' before '*'
D:\IPCA\Estruturas de dados avançada\Projeto_EDA\Teste\Cliente.h(72,55): error C2059: syntax error: ')'
D:\IPCA\Estruturas de dados avançada\Projeto_EDA\Teste\Cliente.h(78,11): error C2143: syntax error: missing '{' before '*'
D:\IPCA\Estruturas de dados avançada\Projeto_EDA\Teste\Cliente.h(78,33): error C2143: syntax error: missing ')' before '*'
D:\IPCA\Estruturas de dados avançada\Projeto_EDA\Teste\Cliente.h(78,33): error C2143: syntax error: missing '{' before '*'
D:\IPCA\Estruturas de dados avançada\Projeto_EDA\Teste\Cliente.h(78,54): error C2146: syntax error: missing ';' before identifier 'newClient'
D:\IPCA\Estruturas de dados avançada\Projeto_EDA\Teste\Cliente.h(78,63): error C2059: syntax error: ')'
D:\IPCA\Estruturas de dados avançada\Projeto_EDA\Teste\Cliente.h(84,29): error C2143: syntax error: missing ')' before '*'
D:\IPCA\Estruturas de dados avançada\Projeto_EDA\Teste\Cliente.h(84,29): error C2143: syntax error: missing '{' before '*'
D:\IPCA\Estruturas de dados avançada\Projeto_EDA\Teste\Cliente.h(84,47): error C2059: syntax error: 'type'
D:\IPCA\Estruturas de dados avançada\Projeto_EDA\Teste\Cliente.h(84,49): error C2059: syntax error: ')'
D:\IPCA\Estruturas de dados avançada\Projeto_EDA\Teste\Cliente.h(90,27): error C2143: syntax error: missing ')' before '*'
D:\IPCA\Estruturas de dados avançada\Projeto_EDA\Teste\Cliente.h(90,27): error C2143: syntax error: missing '{' before '*'
D:\IPCA\Estruturas de dados avançada\Projeto_EDA\Teste\Cliente.h(90,48): error C2146: syntax error: missing ';' before identifier 'selectedClient'
D:\IPCA\Estruturas de dados avançada\Projeto_EDA\Teste\Cliente.h(90,62): error C2059: syntax error: ')'
D:\IPCA\Estruturas de dados avançada\Projeto_EDA\Teste\Cliente.h(96,11): error C2143: syntax error: missing '{' before '*'
D:\IPCA\Estruturas de dados avançada\Projeto_EDA\Teste\Cliente.h(96,33): error C2143: syntax error: missing ')' before '*'
D:\IPCA\Estruturas de dados avançada\Projeto_EDA\Teste\Cliente.h(96,33): error C2143: syntax error: missing '{' before '*'
D:\IPCA\Estruturas de dados avançada\Projeto_EDA\Teste\Cliente.h(96,45): error C2059: syntax error: ')'
D:\IPCA\Estruturas de dados avançada\Projeto_EDA\Teste\Cliente.h(103,7): error C2143: syntax error: missing '{' before '*'
D:\IPCA\Estruturas de dados avançada\Projeto_EDA\Teste\Cliente.h(103,30): error C2143: syntax error: missing ')' before '*'
D:\IPCA\Estruturas de dados avançada\Projeto_EDA\Teste\Cliente.h(103,30): error C2143: syntax error: missing '{' before '*'
D:\IPCA\Estruturas de dados avançada\Projeto_EDA\Teste\Cliente.h(103,48): error C2059: syntax error: 'type'
D:\IPCA\Estruturas de dados avançada\Projeto_EDA\Teste\Cliente.h(103,50): error C2059: syntax error: ')'
D:\IPCA\Estruturas de dados avançada\Projeto_EDA\Teste\Cliente.h(110,28): error C2143: syntax error: missing ')' before '*'
D:\IPCA\Estruturas de dados avançada\Projeto_EDA\Teste\Cliente.h(110,28): error C2143: syntax error: missing '{' before '*'
D:\IPCA\Estruturas de dados avançada\Projeto_EDA\Teste\Cliente.h(110,40): error C2059: syntax error: ')'
D:\IPCA\Estruturas de dados avançada\Projeto_EDA\Teste\Cliente.h(115,30): error C2146: syntax error: missing ')' before identifier 'client'
D:\IPCA\Estruturas de dados avançada\Projeto_EDA\Teste\Cliente.h(115,30): error C2061: syntax error: identifier 'client'
D:\IPCA\Estruturas de dados avançada\Projeto_EDA\Teste\Cliente.h(115,30): error C2059: syntax error: ';'
D:\IPCA\Estruturas de dados avançada\Projeto_EDA\Teste\Cliente.h(115,36): error C2059: syntax error: ','
D:\IPCA\Estruturas de dados avançada\Projeto_EDA\Teste\Cliente.h(115,49): error C2059: syntax error: ')'
D:\IPCA\Estruturas de dados avançada\Projeto_EDA\Teste\Cliente.c(19,24): error C2143: syntax error: missing ')' before '*'
D:\IPCA\Estruturas de dados avançada\Projeto_EDA\Teste\Cliente.c(19,24): error C2143: syntax error: missing '{' before '*'
D:\IPCA\Estruturas de dados avançada\Projeto_EDA\Teste\Cliente.c(19,36): error C2059: syntax error: ')'
D:\IPCA\Estruturas de dados avançada\Projeto_EDA\Teste\Cliente.c(19,38): error C2054: expected '(' to follow 'lastClient'
D:\IPCA\Estruturas de dados avançada\Projeto_EDA\Teste\Cliente.c(45,11): error C2143: syntax error: missing '{' before '*'
D:\IPCA\Estruturas de dados avançada\Projeto_EDA\Teste\Cliente.c(45,42): error C2143: syntax error: missing ')' before '*'
D:\IPCA\Estruturas de dados avançada\Projeto_EDA\Teste\Cliente.c(45,42): error C2143: syntax error: missing '{' before '*'
D:\IPCA\Estruturas de dados avançada\Projeto_EDA\Teste\Cliente.c(45,60): error C2059: syntax error: 'type'
D:\IPCA\Estruturas de dados avançada\Projeto_EDA\Teste\Cliente.c(45,97): error C2059: syntax error: ')'
D:\IPCA\Estruturas de dados avançada\Projeto_EDA\Teste\Cliente.c(61,11): error C2143: syntax error: missing '{' before '*'
D:\IPCA\Estruturas de dados avançada\Projeto_EDA\Teste\Cliente.c(63,12): error C2065: 'ClientList': undeclared identifier
D:\IPCA\Estruturas de dados avançada\Projeto_EDA\Teste\Cliente.c(63,12): error C2297: '*': not valid as right operand has type 'int *'
D:\IPCA\Estruturas de dados avançada\Projeto_EDA\Teste\Cliente.c(73,13): error C2065: 'ClientList': undeclared identifier
D:\IPCA\Estruturas de dados avançada\Projeto_EDA\Teste\Cliente.c(73,38): error C2065: 'ClientList': undeclared identifier
D:\IPCA\Estruturas de dados avançada\Projeto_EDA\Teste\Cliente.c(73,39): error C2059: syntax error: ')'
D:\IPCA\Estruturas de dados avançada\Projeto_EDA\Teste\Cliente.c(75,24): warning C4047: '==': 'int' differs in levels of indirection from 'void *'
D:\IPCA\Estruturas de dados avançada\Projeto_EDA\Teste\Cliente.c(83,14): error C2223: left of '->c' must point to struct/union
D:\IPCA\Estruturas de dados avançada\Projeto_EDA\Teste\Cliente.c(86,23): error C2223: left of '->c' must point to struct/union
D:\IPCA\Estruturas de dados avançada\Projeto_EDA\Teste\Cliente.c(86,49): warning C4047: 'function': 'char *' differs in levels of indirection from 'int'
D:\IPCA\Estruturas de dados avançada\Projeto_EDA\Teste\Cliente.c(86,31): warning C4024: 'strcpy_s': different types for formal and actual parameter 1
D:\IPCA\Estruturas de dados avançada\Projeto_EDA\Teste\Cliente.c(86,55): warning C4047: 'function': 'rsize_t' differs in levels of indirection from 'char *'
D:\IPCA\Estruturas de dados avançada\Projeto_EDA\Teste\Cliente.c(86,51): warning C4024: 'strcpy_s': different types for formal and actual parameter 2
D:\IPCA\Estruturas de dados avançada\Projeto_EDA\Teste\Cliente.c(86,3): error C2198: 'strcpy_s': too few arguments for call
D:\IPCA\Estruturas de dados avançada\Projeto_EDA\Teste\Cliente.c(89,23): error C2223: left of '->c' must point to struct/union
D:\IPCA\Estruturas de dados avançada\Projeto_EDA\Teste\Cliente.c(89,55): warning C4047: 'function': 'char *' differs in levels of indirection from 'int'
D:\IPCA\Estruturas de dados avançada\Projeto_EDA\Teste\Cliente.c(89,34): warning C4024: 'strcpy_s': different types for formal and actual parameter 1
D:\IPCA\Estruturas de dados avançada\Projeto_EDA\Teste\Cliente.c(89,61): warning C4047: 'function': 'rsize_t' differs in levels of indirection from 'char *'
D:\IPCA\Estruturas de dados avançada\Projeto_EDA\Teste\Cliente.c(89,57): warning C4024: 'strcpy_s': different types for formal and actual parameter 2
D:\IPCA\Estruturas de dados avançada\Projeto_EDA\Teste\Cliente.c(89,3): error C2198: 'strcpy_s': too few arguments for call
D:\IPCA\Estruturas de dados avançada\Projeto_EDA\Teste\Cliente.c(92,23): error C2223: left of '->c' must point to struct/union
D:\IPCA\Estruturas de dados avançada\Projeto_EDA\Teste\Cliente.c(92,47): warning C4047: 'function': 'char *' differs in levels of indirection from 'int'
D:\IPCA\Estruturas de dados avançada\Projeto_EDA\Teste\Cliente.c(92,30): warning C4024: 'strcpy_s': different types for formal and actual parameter 1
D:\IPCA\Estruturas de dados avançada\Projeto_EDA\Teste\Cliente.c(92,53): warning C4047: 'function': 'rsize_t' differs in levels of indirection from 'char *'
D:\IPCA\Estruturas de dados avançada\Projeto_EDA\Teste\Cliente.c(92,49): warning C4024: 'strcpy_s': different types for formal and actual parameter 2
D:\IPCA\Estruturas de dados avançada\Projeto_EDA\Teste\Cliente.c(92,3): error C2198: 'strcpy_s': too few arguments for call
D:\IPCA\Estruturas de dados avançada\Projeto_EDA\Teste\Cliente.c(95,14): error C2223: left of '->c' must point to struct/union
D:\IPCA\Estruturas de dados avançada\Projeto_EDA\Teste\Cliente.c(98,14): error C2223: left of '->c' must point to struct/union
D:\IPCA\Estruturas de dados avançada\Projeto_EDA\Teste\Cliente.c(100,14): error C2223: left of '->next' must point to struct/union
D:\IPCA\Estruturas de dados avançada\Projeto_EDA\Teste\Cliente.c(101,25): warning C4047: '=': 'int *' differs in levels of indirection from 'int'
D:\IPCA\Estruturas de dados avançada\Projeto_EDA\Teste\Cliente.c(119,11): error C2143: syntax error: missing '{' before '*'
D:\IPCA\Estruturas de dados avançada\Projeto_EDA\Teste\Cliente.c(121,12): error C2065: 'ClientList': undeclared identifier
D:\IPCA\Estruturas de dados avançada\Projeto_EDA\Teste\Cliente.c(121,12): error C2297: '*': not valid as right operand has type 'int *'
D:\IPCA\Estruturas de dados avançada\Projeto_EDA\Teste\Cliente.c(129,9): error C2146: syntax error: missing ';' before identifier 'client'
D:\IPCA\Estruturas de dados avançada\Projeto_EDA\Teste\Cliente.c(129,15): error C2065: 'client': undeclared identifier
D:\IPCA\Estruturas de dados avançada\Projeto_EDA\Teste\Cliente.c(130,34): error C2065: 'client': undeclared identifier
D:\IPCA\Estruturas de dados avançada\Projeto_EDA\Teste\Cliente.c(133,13): error C2065: 'ClientList': undeclared identifier
D:\IPCA\Estruturas de dados avançada\Projeto_EDA\Teste\Cliente.c(133,38): error C2065: 'ClientList': undeclared identifier
D:\IPCA\Estruturas de dados avançada\Projeto_EDA\Teste\Cliente.c(133,39): error C2059: syntax error: ')'
D:\IPCA\Estruturas de dados avançada\Projeto_EDA\Teste\Cliente.c(135,24): warning C4047: '==': 'int' differs in levels of indirection from 'void *'
D:\IPCA\Estruturas de dados avançada\Projeto_EDA\Teste\Cliente.c(140,14): error C2223: left of '->c' must point to struct/union
D:\IPCA\Estruturas de dados avançada\Projeto_EDA\Teste\Cliente.c(140,27): error C2065: 'client': undeclared identifier
D:\IPCA\Estruturas de dados avançada\Projeto_EDA\Teste\Cliente.c(140,28): error C2224: left of '.id' must have struct/union type
D:\IPCA\Estruturas de dados avançada\Projeto_EDA\Teste\Cliente.c(142,21): error C2223: left of '->c' must point to struct/union
D:\IPCA\Estruturas de dados avançada\Projeto_EDA\Teste\Cliente.c(142,35): error C2065: 'client': undeclared identifier
D:\IPCA\Estruturas de dados avançada\Projeto_EDA\Teste\Cliente.c(142,36): error C2224: left of '.name' must have struct/union type
D:\IPCA\Estruturas de dados avançada\Projeto_EDA\Teste\Cliente.c(142,3): error C2198: 'strcpy': too few arguments for call
D:\IPCA\Estruturas de dados avançada\Projeto_EDA\Teste\Cliente.c(143,21): error C2223: left of '->c' must point to struct/union
D:\IPCA\Estruturas de dados avançada\Projeto_EDA\Teste\Cliente.c(143,38): error C2065: 'client': undeclared identifier
D:\IPCA\Estruturas de dados avançada\Projeto_EDA\Teste\Cliente.c(143,39): error C2224: left of '.address' must have struct/union type
D:\IPCA\Estruturas de dados avançada\Projeto_EDA\Teste\Cliente.c(143,3): error C2198: 'strcpy': too few arguments for call
D:\IPCA\Estruturas de dados avançada\Projeto_EDA\Teste\Cliente.c(144,21): error C2223: left of '->c' must point to struct/union
D:\IPCA\Estruturas de dados avançada\Projeto_EDA\Teste\Cliente.c(144,34): error C2065: 'client': undeclared identifier
D:\IPCA\Estruturas de dados avançada\Projeto_EDA\Teste\Cliente.c(144,35): error C2224: left of '.nif' must have struct/union type
D:\IPCA\Estruturas de dados avançada\Projeto_EDA\Teste\Cliente.c(144,3): error C2198: 'strcpy': too few arguments for call
D:\IPCA\Estruturas de dados avançada\Projeto_EDA\Teste\Cliente.c(145,14): error C2223: left of '->c' must point to struct/union
D:\IPCA\Estruturas de dados avançada\Projeto_EDA\Teste\Cliente.c(145,32): error C2065: 'client': undeclared identifier
D:\IPCA\Estruturas de dados avançada\Projeto_EDA\Teste\Cliente.c(145,33): error C2224: left of '.balance' must have struct/union type
D:\IPCA\Estruturas de dados avançada\Projeto_EDA\Teste\Cliente.c(146,14): error C2223: left of '->c' must point to struct/union
D:\IPCA\Estruturas de dados avançada\Projeto_EDA\Teste\Cliente.c(146,31): error C2065: 'client': undeclared identifier
D:\IPCA\Estruturas de dados avançada\Projeto_EDA\Teste\Cliente.c(146,31): fatal  error C1003: error count exceeds 100; stopping compilation
  Main.c
D:\IPCA\Estruturas de dados avançada\Projeto_EDA\Teste\Cliente.h(26,22): warning C4091: 'typedef ': ignored on left of 'Client' when no variable is declared
D:\IPCA\Estruturas de dados avançada\Projeto_EDA\Teste\Cliente.h(39,2): error C2061: syntax error: identifier 'Client'
D:\IPCA\Estruturas de dados avançada\Projeto_EDA\Teste\Cliente.h(40,12): error C2143: syntax error: missing '{' before '*'
D:\IPCA\Estruturas de dados avançada\Projeto_EDA\Teste\Cliente.h(41,1): error C2059: syntax error: '}'
D:\IPCA\Estruturas de dados avançada\Projeto_EDA\Teste\Cliente.h(48,24): error C2143: syntax error: missing ')' before '*'
D:\IPCA\Estruturas de dados avançada\Projeto_EDA\Teste\Cliente.h(48,24): error C2143: syntax error: missing '{' before '*'
D:\IPCA\Estruturas de dados avançada\Projeto_EDA\Teste\Cliente.h(48,36): error C2059: syntax error: ')'
D:\IPCA\Estruturas de dados avançada\Projeto_EDA\Teste\Cliente.h(54,11): error C2143: syntax error: missing '{' before '*'
D:\IPCA\Estruturas de dados avançada\Projeto_EDA\Teste\Cliente.h(54,42): error C2143: syntax error: missing ')' before '*'
D:\IPCA\Estruturas de dados avançada\Projeto_EDA\Teste\Cliente.h(54,42): error C2143: syntax error: missing '{' before '*'
D:\IPCA\Estruturas de dados avançada\Projeto_EDA\Teste\Cliente.h(54,60): error C2059: syntax error: 'type'
D:\IPCA\Estruturas de dados avançada\Projeto_EDA\Teste\Cliente.h(54,97): error C2059: syntax error: ')'
D:\IPCA\Estruturas de dados avançada\Projeto_EDA\Teste\Cliente.h(60,11): error C2143: syntax error: missing '{' before '*'
D:\IPCA\Estruturas de dados avançada\Projeto_EDA\Teste\Cliente.h(66,11): error C2143: syntax error: missing '{' before '*'
D:\IPCA\Estruturas de dados avançada\Projeto_EDA\Teste\Cliente.h(72,43): error C2143: syntax error: missing ')' before '*'
D:\IPCA\Estruturas de dados avançada\Projeto_EDA\Teste\Cliente.h(72,43): error C2081: 'ClientList': name in formal parameter list illegal
D:\IPCA\Estruturas de dados avançada\Projeto_EDA\Teste\Cliente.h(72,43): error C2143: syntax error: missing '{' before '*'
D:\IPCA\Estruturas de dados avançada\Projeto_EDA\Teste\Cliente.h(72,55): error C2059: syntax error: ')'
D:\IPCA\Estruturas de dados avançada\Projeto_EDA\Teste\Cliente.h(78,11): error C2143: syntax error: missing '{' before '*'
D:\IPCA\Estruturas de dados avançada\Projeto_EDA\Teste\Cliente.h(78,33): error C2143: syntax error: missing ')' before '*'
D:\IPCA\Estruturas de dados avançada\Projeto_EDA\Teste\Cliente.h(78,33): error C2143: syntax error: missing '{' before '*'
D:\IPCA\Estruturas de dados avançada\Projeto_EDA\Teste\Cliente.h(78,54): error C2146: syntax error: missing ';' before identifier 'newClient'
D:\IPCA\Estruturas de dados avançada\Projeto_EDA\Teste\Cliente.h(78,63): error C2059: syntax error: ')'
D:\IPCA\Estruturas de dados avançada\Projeto_EDA\Teste\Cliente.h(84,29): error C2143: syntax error: missing ')' before '*'
D:\IPCA\Estruturas de dados avançada\Projeto_EDA\Teste\Cliente.h(84,29): error C2143: syntax error: missing '{' before '*'
D:\IPCA\Estruturas de dados avançada\Projeto_EDA\Teste\Cliente.h(84,47): error C2059: syntax error: 'type'
D:\IPCA\Estruturas de dados avançada\Projeto_EDA\Teste\Cliente.h(84,49): error C2059: syntax error: ')'
D:\IPCA\Estruturas de dados avançada\Projeto_EDA\Teste\Cliente.h(90,27): error C2143: syntax error: missing ')' before '*'
D:\IPCA\Estruturas de dados avançada\Projeto_EDA\Teste\Cliente.h(90,27): error C2143: syntax error: missing '{' before '*'
D:\IPCA\Estruturas de dados avançada\Projeto_EDA\Teste\Cliente.h(90,48): error C2146: syntax error: missing ';' before identifier 'selectedClient'
D:\IPCA\Estruturas de dados avançada\Projeto_EDA\Teste\Cliente.h(90,62): error C2059: syntax error: ')'
D:\IPCA\Estruturas de dados avançada\Projeto_EDA\Teste\Cliente.h(96,11): error C2143: syntax error: missing '{' before '*'
D:\IPCA\Estruturas de dados avançada\Projeto_EDA\Teste\Cliente.h(96,33): error C2143: syntax error: missing ')' before '*'
D:\IPCA\Estruturas de dados avançada\Projeto_EDA\Teste\Cliente.h(96,33): error C2143: syntax error: missing '{' before '*'
D:\IPCA\Estruturas de dados avançada\Projeto_EDA\Teste\Cliente.h(96,45): error C2059: syntax error: ')'
D:\IPCA\Estruturas de dados avançada\Projeto_EDA\Teste\Cliente.h(103,7): error C2143: syntax error: missing '{' before '*'
D:\IPCA\Estruturas de dados avançada\Projeto_EDA\Teste\Cliente.h(103,30): error C2143: syntax error: missing ')' before '*'
D:\IPCA\Estruturas de dados avançada\Projeto_EDA\Teste\Cliente.h(103,30): error C2143: syntax error: missing '{' before '*'
D:\IPCA\Estruturas de dados avançada\Projeto_EDA\Teste\Cliente.h(103,48): error C2059: syntax error: 'type'
D:\IPCA\Estruturas de dados avançada\Projeto_EDA\Teste\Cliente.h(103,50): error C2059: syntax error: ')'
D:\IPCA\Estruturas de dados avançada\Projeto_EDA\Teste\Cliente.h(110,28): error C2143: syntax error: missing ')' before '*'
D:\IPCA\Estruturas de dados avançada\Projeto_EDA\Teste\Cliente.h(110,28): error C2143: syntax error: missing '{' before '*'
D:\IPCA\Estruturas de dados avançada\Projeto_EDA\Teste\Cliente.h(110,40): error C2059: syntax error: ')'
D:\IPCA\Estruturas de dados avançada\Projeto_EDA\Teste\Cliente.h(115,30): error C2146: syntax error: missing ')' before identifier 'client'
D:\IPCA\Estruturas de dados avançada\Projeto_EDA\Teste\Cliente.h(115,30): error C2061: syntax error: identifier 'client'
D:\IPCA\Estruturas de dados avançada\Projeto_EDA\Teste\Cliente.h(115,30): error C2059: syntax error: ';'
D:\IPCA\Estruturas de dados avançada\Projeto_EDA\Teste\Cliente.h(115,36): error C2059: syntax error: ','
D:\IPCA\Estruturas de dados avançada\Projeto_EDA\Teste\Cliente.h(115,49): error C2059: syntax error: ')'
D:\IPCA\Estruturas de dados avançada\Projeto_EDA\Teste\Vehicle.h(44,2): error C2061: syntax error: identifier 'VehicleList'
D:\IPCA\Estruturas de dados avançada\Projeto_EDA\Teste\Vehicle.h(45,1): error C2059: syntax error: '}'
D:\IPCA\Estruturas de dados avançada\Projeto_EDA\Teste\Vehicle.h(49,12): error C2143: syntax error: missing '{' before '*'
D:\IPCA\Estruturas de dados avançada\Projeto_EDA\Teste\Vehicle.h(51,12): error C2143: syntax error: missing '{' before '*'
D:\IPCA\Estruturas de dados avançada\Projeto_EDA\Teste\Vehicle.h(53,12): error C2143: syntax error: missing '{' before '*'
D:\IPCA\Estruturas de dados avançada\Projeto_EDA\Teste\Vehicle.h(55,45): error C2143: syntax error: missing ')' before '*'
D:\IPCA\Estruturas de dados avançada\Projeto_EDA\Teste\Vehicle.h(55,45): error C2081: 'VehicleList': name in formal parameter list illegal
D:\IPCA\Estruturas de dados avançada\Projeto_EDA\Teste\Vehicle.h(55,45): error C2143: syntax error: missing '{' before '*'
D:\IPCA\Estruturas de dados avançada\Projeto_EDA\Teste\Vehicle.h(55,59): error C2059: syntax error: ')'
D:\IPCA\Estruturas de dados avançada\Projeto_EDA\Teste\Vehicle.h(57,12): error C2143: syntax error: missing '{' before '*'
D:\IPCA\Estruturas de dados avançada\Projeto_EDA\Teste\Vehicle.h(57,36): error C2143: syntax error: missing ')' before '*'
D:\IPCA\Estruturas de dados avançada\Projeto_EDA\Teste\Vehicle.h(57,36): error C2143: syntax error: missing '{' before '*'
D:\IPCA\Estruturas de dados avançada\Projeto_EDA\Teste\Vehicle.h(57,52): error C2371: 'Vehicle': redefinition; different basic types
D:\IPCA\Estruturas de dados avançada\Projeto_EDA\Teste\Vehicle.h(40,2): message : see declaration of 'Vehicle'
D:\IPCA\Estruturas de dados avançada\Projeto_EDA\Teste\Vehicle.h(57,60): error C2146: syntax error: missing ';' before identifier 'newVehicle'
D:\IPCA\Estruturas de dados avançada\Projeto_EDA\Teste\Vehicle.h(57,70): error C2059: syntax error: ')'
D:\IPCA\Estruturas de dados avançada\Projeto_EDA\Teste\Vehicle.h(59,31): error C2143: syntax error: missing ')' before '*'
D:\IPCA\Estruturas de dados avançada\Projeto_EDA\Teste\Vehicle.h(59,31): error C2143: syntax error: missing '{' before '*'
D:\IPCA\Estruturas de dados avançada\Projeto_EDA\Teste\Vehicle.h(59,51): error C2059: syntax error: 'type'
D:\IPCA\Estruturas de dados avançada\Projeto_EDA\Teste\Vehicle.h(59,53): error C2059: syntax error: ')'
D:\IPCA\Estruturas de dados avançada\Projeto_EDA\Teste\Vehicle.h(61,29): error C2143: syntax error: missing ')' before '*'
D:\IPCA\Estruturas de dados avançada\Projeto_EDA\Teste\Vehicle.h(61,29): error C2143: syntax error: missing '{' before '*'
D:\IPCA\Estruturas de dados avançada\Projeto_EDA\Teste\Vehicle.h(61,45): error C2371: 'Vehicle': redefinition; different basic types
D:\IPCA\Estruturas de dados avançada\Projeto_EDA\Teste\Vehicle.h(40,2): message : see declaration of 'Vehicle'
D:\IPCA\Estruturas de dados avançada\Projeto_EDA\Teste\Vehicle.h(61,53): error C2146: syntax error: missing ';' before identifier 'selectedVehicle'
D:\IPCA\Estruturas de dados avançada\Projeto_EDA\Teste\Vehicle.h(61,68): error C2059: syntax error: ')'
D:\IPCA\Estruturas de dados avançada\Projeto_EDA\Teste\Vehicle.h(65,12): error C2143: syntax error: missing '{' before '*'
D:\IPCA\Estruturas de dados avançada\Projeto_EDA\Teste\Vehicle.h(65,42): error C2143: syntax error: missing ')' before '*'
D:\IPCA\Estruturas de dados avançada\Projeto_EDA\Teste\Vehicle.h(65,42): error C2143: syntax error: missing '{' before '*'
D:\IPCA\Estruturas de dados avançada\Projeto_EDA\Teste\Vehicle.h(65,56): error C2059: syntax error: ')'
D:\IPCA\Estruturas de dados avançada\Projeto_EDA\Teste\Vehicle.h(67,12): error C2143: syntax error: missing '{' before '*'
D:\IPCA\Estruturas de dados avançada\Projeto_EDA\Teste\Vehicle.h(67,48): error C2143: syntax error: missing ')' before '*'
D:\IPCA\Estruturas de dados avançada\Projeto_EDA\Teste\Vehicle.h(67,48): error C2143: syntax error: missing '{' before '*'
D:\IPCA\Estruturas de dados avançada\Projeto_EDA\Teste\Vehicle.h(67,62): error C2059: syntax error: ')'
D:\IPCA\Estruturas de dados avançada\Projeto_EDA\Teste\Vehicle.h(69,12): error C2143: syntax error: missing '{' before '*'
D:\IPCA\Estruturas de dados avançada\Projeto_EDA\Teste\Vehicle.h(69,49): error C2143: syntax error: missing ')' before '*'
D:\IPCA\Estruturas de dados avançada\Projeto_EDA\Teste\Vehicle.h(69,49): error C2143: syntax error: missing '{' before '*'
D:\IPCA\Estruturas de dados avançada\Projeto_EDA\Teste\Vehicle.h(69,69): error C2059: syntax error: 'type'
D:\IPCA\Estruturas de dados avançada\Projeto_EDA\Teste\Vehicle.h(69,79): error C2059: syntax error: ')'
D:\IPCA\Estruturas de dados avançada\Projeto_EDA\Teste\Vehicle.h(71,12): error C2143: syntax error: missing '{' before '*'
D:\IPCA\Estruturas de dados avançada\Projeto_EDA\Teste\Vehicle.h(71,43): error C2143: syntax error: missing ')' before '*'
D:\IPCA\Estruturas de dados avançada\Projeto_EDA\Teste\Vehicle.h(71,43): error C2143: syntax error: missing '{' before '*'
D:\IPCA\Estruturas de dados avançada\Projeto_EDA\Teste\Vehicle.h(71,63): error C2059: syntax error: 'type'
D:\IPCA\Estruturas de dados avançada\Projeto_EDA\Teste\Vehicle.h(71,65): error C2059: syntax error: ')'
D:\IPCA\Estruturas de dados avançada\Projeto_EDA\Teste\Vehicle.h(73,36): error C2143: syntax error: missing ')' before '*'
D:\IPCA\Estruturas de dados avançada\Projeto_EDA\Teste\Vehicle.h(73,36): error C2143: syntax error: missing '{' before '*'
D:\IPCA\Estruturas de dados avançada\Projeto_EDA\Teste\Vehicle.h(73,50): error C2059: syntax error: ')'
D:\IPCA\Estruturas de dados avançada\Projeto_EDA\Teste\Vehicle.h(75,42): error C2143: syntax error: missing ')' before '*'
D:\IPCA\Estruturas de dados avançada\Projeto_EDA\Teste\Vehicle.h(75,42): error C2081: 'Client': name in formal parameter list illegal
D:\IPCA\Estruturas de dados avançada\Projeto_EDA\Teste\Vehicle.h(75,42): error C2143: syntax error: missing '{' before '*'
D:\IPCA\Estruturas de dados avançada\Projeto_EDA\Teste\Vehicle.h(75,50): error C2059: syntax error: ')'
D:\IPCA\Estruturas de dados avançada\Projeto_EDA\Teste\Manager.h(33,2): error C2061: syntax error: identifier 'ManagerList'
D:\IPCA\Estruturas de dados avançada\Projeto_EDA\Teste\Manager.h(34,1): error C2059: syntax error: '}'
D:\IPCA\Estruturas de dados avançada\Projeto_EDA\Teste\Manager.h(36,30): error C2143: syntax error: missing ')' before '*'
D:\IPCA\Estruturas de dados avançada\Projeto_EDA\Teste\Manager.h(36,30): error C2143: syntax error: missing '{' before '*'
D:\IPCA\Estruturas de dados avançada\Projeto_EDA\Teste\Manager.h(36,44): error C2059: syntax error: ')'
D:\IPCA\Estruturas de dados avançada\Projeto_EDA\Teste\Manager.h(36,44): fatal  error C1003: error count exceeds 100; stopping compilation
  Manager.c
D:\IPCA\Estruturas de dados avançada\Projeto_EDA\Teste\Manager.h(33,2): error C2061: syntax error: identifier 'ManagerList'
D:\IPCA\Estruturas de dados avançada\Projeto_EDA\Teste\Manager.h(34,1): error C2059: syntax error: '}'
D:\IPCA\Estruturas de dados avançada\Projeto_EDA\Teste\Manager.h(36,30): error C2143: syntax error: missing ')' before '*'
D:\IPCA\Estruturas de dados avançada\Projeto_EDA\Teste\Manager.h(36,30): error C2143: syntax error: missing '{' before '*'
D:\IPCA\Estruturas de dados avançada\Projeto_EDA\Teste\Manager.h(36,44): error C2059: syntax error: ')'
D:\IPCA\Estruturas de dados avançada\Projeto_EDA\Teste\Manager.h(38,12): error C2143: syntax error: missing '{' before '*'
D:\IPCA\Estruturas de dados avançada\Projeto_EDA\Teste\Manager.h(38,45): error C2143: syntax error: missing ')' before '*'
D:\IPCA\Estruturas de dados avançada\Projeto_EDA\Teste\Manager.h(38,45): error C2143: syntax error: missing '{' before '*'
D:\IPCA\Estruturas de dados avançada\Projeto_EDA\Teste\Manager.h(38,65): error C2059: syntax error: 'type'
D:\IPCA\Estruturas de dados avançada\Projeto_EDA\Teste\Manager.h(38,102): error C2059: syntax error: ')'
D:\IPCA\Estruturas de dados avançada\Projeto_EDA\Teste\Manager.h(40,12): error C2143: syntax error: missing '{' before '*'
D:\IPCA\Estruturas de dados avançada\Projeto_EDA\Teste\Manager.h(42,12): error C2143: syntax error: missing '{' before '*'
D:\IPCA\Estruturas de dados avançada\Projeto_EDA\Teste\Manager.h(44,45): error C2143: syntax error: missing ')' before '*'
D:\IPCA\Estruturas de dados avançada\Projeto_EDA\Teste\Manager.h(44,45): error C2081: 'ManagerList': name in formal parameter list illegal
D:\IPCA\Estruturas de dados avançada\Projeto_EDA\Teste\Manager.h(44,45): error C2143: syntax error: missing '{' before '*'
D:\IPCA\Estruturas de dados avançada\Projeto_EDA\Teste\Manager.h(44,59): error C2059: syntax error: ')'
D:\IPCA\Estruturas de dados avançada\Projeto_EDA\Teste\Manager.h(46,12): error C2143: syntax error: missing '{' before '*'
D:\IPCA\Estruturas de dados avançada\Projeto_EDA\Teste\Manager.h(46,36): error C2143: syntax error: missing ')' before '*'
D:\IPCA\Estruturas de dados avançada\Projeto_EDA\Teste\Manager.h(46,36): error C2143: syntax error: missing '{' before '*'
D:\IPCA\Estruturas de dados avançada\Projeto_EDA\Teste\Manager.h(46,52): error C2371: 'Manager': redefinition; different basic types
D:\IPCA\Estruturas de dados avançada\Projeto_EDA\Teste\Manager.h(29,2): message : see declaration of 'Manager'
D:\IPCA\Estruturas de dados avançada\Projeto_EDA\Teste\Manager.h(46,60): error C2146: syntax error: missing ';' before identifier 'newManager'
D:\IPCA\Estruturas de dados avançada\Projeto_EDA\Teste\Manager.h(46,70): error C2059: syntax error: ')'
D:\IPCA\Estruturas de dados avançada\Projeto_EDA\Teste\Manager.h(48,31): error C2143: syntax error: missing ')' before '*'
D:\IPCA\Estruturas de dados avançada\Projeto_EDA\Teste\Manager.h(48,31): error C2143: syntax error: missing '{' before '*'
D:\IPCA\Estruturas de dados avançada\Projeto_EDA\Teste\Manager.h(48,51): error C2059: syntax error: 'type'
D:\IPCA\Estruturas de dados avançada\Projeto_EDA\Teste\Manager.h(48,53): error C2059: syntax error: ')'
D:\IPCA\Estruturas de dados avançada\Projeto_EDA\Teste\Manager.h(50,29): error C2143: syntax error: missing ')' before '*'
D:\IPCA\Estruturas de dados avançada\Projeto_EDA\Teste\Manager.h(50,29): error C2143: syntax error: missing '{' before '*'
D:\IPCA\Estruturas de dados avançada\Projeto_EDA\Teste\Manager.h(50,45): error C2371: 'Manager': redefinition; different basic types
D:\IPCA\Estruturas de dados avançada\Projeto_EDA\Teste\Manager.h(29,2): message : see declaration of 'Manager'
D:\IPCA\Estruturas de dados avançada\Projeto_EDA\Teste\Manager.h(50,53): error C2146: syntax error: missing ';' before identifier 'selectedManager'
D:\IPCA\Estruturas de dados avançada\Projeto_EDA\Teste\Manager.h(50,68): error C2059: syntax error: ')'
D:\IPCA\Estruturas de dados avançada\Projeto_EDA\Teste\Manager.h(52,12): error C2143: syntax error: missing '{' before '*'
D:\IPCA\Estruturas de dados avançada\Projeto_EDA\Teste\Manager.h(52,42): error C2143: syntax error: missing ')' before '*'
D:\IPCA\Estruturas de dados avançada\Projeto_EDA\Teste\Manager.h(52,42): error C2143: syntax error: missing '{' before '*'
D:\IPCA\Estruturas de dados avançada\Projeto_EDA\Teste\Manager.h(52,56): error C2059: syntax error: ')'
D:\IPCA\Estruturas de dados avançada\Projeto_EDA\Teste\Manager.h(54,36): error C2143: syntax error: missing ')' before '*'
D:\IPCA\Estruturas de dados avançada\Projeto_EDA\Teste\Manager.h(54,36): error C2143: syntax error: missing '{' before '*'
D:\IPCA\Estruturas de dados avançada\Projeto_EDA\Teste\Manager.h(54,50): error C2059: syntax error: ')'
D:\IPCA\Estruturas de dados avançada\Projeto_EDA\Teste\Manager.c(17,30): error C2143: syntax error: missing ')' before '*'
D:\IPCA\Estruturas de dados avançada\Projeto_EDA\Teste\Manager.c(17,30): error C2143: syntax error: missing '{' before '*'
D:\IPCA\Estruturas de dados avançada\Projeto_EDA\Teste\Manager.c(17,44): error C2059: syntax error: ')'
D:\IPCA\Estruturas de dados avançada\Projeto_EDA\Teste\Manager.c(17,46): error C2054: expected '(' to follow 'firstManager'
D:\IPCA\Estruturas de dados avançada\Projeto_EDA\Teste\Manager.c(37,12): error C2143: syntax error: missing '{' before '*'
D:\IPCA\Estruturas de dados avançada\Projeto_EDA\Teste\Manager.c(37,45): error C2143: syntax error: missing ')' before '*'
D:\IPCA\Estruturas de dados avançada\Projeto_EDA\Teste\Manager.c(37,45): error C2143: syntax error: missing '{' before '*'
D:\IPCA\Estruturas de dados avançada\Projeto_EDA\Teste\Manager.c(37,65): error C2059: syntax error: 'type'
D:\IPCA\Estruturas de dados avançada\Projeto_EDA\Teste\Manager.c(37,102): error C2059: syntax error: ')'
D:\IPCA\Estruturas de dados avançada\Projeto_EDA\Teste\Manager.c(52,12): error C2143: syntax error: missing '{' before '*'
D:\IPCA\Estruturas de dados avançada\Projeto_EDA\Teste\Manager.c(55,13): error C2065: 'ManagerList': undeclared identifier
D:\IPCA\Estruturas de dados avançada\Projeto_EDA\Teste\Manager.c(55,13): error C2297: '*': not valid as right operand has type 'int *'
D:\IPCA\Estruturas de dados avançada\Projeto_EDA\Teste\Manager.c(63,14): error C2065: 'ManagerList': undeclared identifier
D:\IPCA\Estruturas de dados avançada\Projeto_EDA\Teste\Manager.c(63,41): error C2065: 'ManagerList': undeclared identifier
D:\IPCA\Estruturas de dados avançada\Projeto_EDA\Teste\Manager.c(63,42): error C2059: syntax error: ')'
D:\IPCA\Estruturas de dados avançada\Projeto_EDA\Teste\Manager.c(65,25): warning C4047: '==': 'int' differs in levels of indirection from 'void *'
D:\IPCA\Estruturas de dados avançada\Projeto_EDA\Teste\Manager.c(72,15): error C2223: left of '->m' must point to struct/union
D:\IPCA\Estruturas de dados avançada\Projeto_EDA\Teste\Manager.c(75,22): error C2223: left of '->m' must point to struct/union
D:\IPCA\Estruturas de dados avançada\Projeto_EDA\Teste\Manager.c(75,38): warning C4047: 'function': 'char *' differs in levels of indirection from 'int'
D:\IPCA\Estruturas de dados avançada\Projeto_EDA\Teste\Manager.c(75,30): warning C4024: 'strcpy': different types for formal and actual parameter 1
D:\IPCA\Estruturas de dados avançada\Projeto_EDA\Teste\Manager.c(78,22): error C2223: left of '->m' must point to struct/union
D:\IPCA\Estruturas de dados avançada\Projeto_EDA\Teste\Manager.c(78,39): warning C4047: 'function': 'char *' differs in levels of indirection from 'int'
D:\IPCA\Estruturas de dados avançada\Projeto_EDA\Teste\Manager.c(78,31): warning C4024: 'strcpy': different types for formal and actual parameter 1
D:\IPCA\Estruturas de dados avançada\Projeto_EDA\Teste\Manager.c(81,22): error C2223: left of '->m' must point to struct/union
D:\IPCA\Estruturas de dados avançada\Projeto_EDA\Teste\Manager.c(81,42): warning C4047: 'function': 'char *' differs in levels of indirection from 'int'
D:\IPCA\Estruturas de dados avançada\Projeto_EDA\Teste\Manager.c(81,34): warning C4024: 'strcpy': different types for formal and actual parameter 1
D:\IPCA\Estruturas de dados avançada\Projeto_EDA\Teste\Manager.c(84,15): error C2223: left of '->m' must point to struct/union
D:\IPCA\Estruturas de dados avançada\Projeto_EDA\Teste\Manager.c(86,15): error C2223: left of '->next' must point to struct/union
D:\IPCA\Estruturas de dados avançada\Projeto_EDA\Teste\Manager.c(87,28): warning C4047: '=': 'int *' differs in levels of indirection from 'int'
D:\IPCA\Estruturas de dados avançada\Projeto_EDA\Teste\Manager.c(102,12): error C2143: syntax error: missing '{' before '*'
D:\IPCA\Estruturas de dados avançada\Projeto_EDA\Teste\Manager.c(115,14): error C2065: 'ManagerList': undeclared identifier
D:\IPCA\Estruturas de dados avançada\Projeto_EDA\Teste\Manager.c(115,41): error C2065: 'ManagerList': undeclared identifier
D:\IPCA\Estruturas de dados avançada\Projeto_EDA\Teste\Manager.c(115,42): error C2059: syntax error: ')'
D:\IPCA\Estruturas de dados avançada\Projeto_EDA\Teste\Manager.c(117,25): warning C4047: '==': 'int' differs in levels of indirection from 'void *'
D:\IPCA\Estruturas de dados avançada\Projeto_EDA\Teste\Manager.c(120,15): error C2223: left of '->m' must point to struct/union
D:\IPCA\Estruturas de dados avançada\Projeto_EDA\Teste\Manager.c(121,22): error C2223: left of '->m' must point to struct/union
D:\IPCA\Estruturas de dados avançada\Projeto_EDA\Teste\Manager.c(121,3): error C2198: 'strcpy': too few arguments for call
D:\IPCA\Estruturas de dados avançada\Projeto_EDA\Teste\Manager.c(122,22): error C2223: left of '->m' must point to struct/union
D:\IPCA\Estruturas de dados avançada\Projeto_EDA\Teste\Manager.c(122,3): error C2198: 'strcpy': too few arguments for call
D:\IPCA\Estruturas de dados avançada\Projeto_EDA\Teste\Manager.c(123,22): error C2223: left of '->m' must point to struct/union
D:\IPCA\Estruturas de dados avançada\Projeto_EDA\Teste\Manager.c(123,3): error C2198: 'strcpy': too few arguments for call
D:\IPCA\Estruturas de dados avançada\Projeto_EDA\Teste\Manager.c(124,15): error C2223: left of '->m' must point to struct/union
D:\IPCA\Estruturas de dados avançada\Projeto_EDA\Teste\Manager.c(125,15): error C2223: left of '->next' must point to struct/union
D:\IPCA\Estruturas de dados avançada\Projeto_EDA\Teste\Manager.c(126,28): warning C4047: '=': 'Manager *' differs in levels of indirection from 'int'
D:\IPCA\Estruturas de dados avançada\Projeto_EDA\Teste\Manager.c(132,17): warning C4013: 'OrderManagerById' undefined; assuming extern returning int
D:\IPCA\Estruturas de dados avançada\Projeto_EDA\Teste\Manager.c(132,47): warning C4047: '=': 'Manager *' differs in levels of indirection from 'int'
D:\IPCA\Estruturas de dados avançada\Projeto_EDA\Teste\Manager.c(134,2): warning C4133: 'return': incompatible types - from 'Manager *' to 'int *'
D:\IPCA\Estruturas de dados avançada\Projeto_EDA\Teste\Manager.c(137,45): error C2143: syntax error: missing ')' before '*'
D:\IPCA\Estruturas de dados avançada\Projeto_EDA\Teste\Manager.c(137,45): error C2081: 'ManagerList': name in formal parameter list illegal
D:\IPCA\Estruturas de dados avançada\Projeto_EDA\Teste\Manager.c(137,45): error C2143: syntax error: missing '{' before '*'
D:\IPCA\Estruturas de dados avançada\Projeto_EDA\Teste\Manager.c(137,59): error C2059: syntax error: ')'
D:\IPCA\Estruturas de dados avançada\Projeto_EDA\Teste\Manager.c(137,61): error C2054: expected '(' to follow 'firstManager'
D:\IPCA\Estruturas de dados avançada\Projeto_EDA\Teste\Manager.c(164,12): error C2143: syntax error: missing '{' before '*'
D:\IPCA\Estruturas de dados avançada\Projeto_EDA\Teste\Manager.c(164,36): error C2143: syntax error: missing ')' before '*'
D:\IPCA\Estruturas de dados avançada\Projeto_EDA\Teste\Manager.c(164,36): error C2143: syntax error: missing '{' before '*'
D:\IPCA\Estruturas de dados avançada\Projeto_EDA\Teste\Manager.c(164,52): error C2371: 'Manager': redefinition; different basic types
D:\IPCA\Estruturas de dados avançada\Projeto_EDA\Teste\Manager.h(29,2): message : see declaration of 'Manager'
D:\IPCA\Estruturas de dados avançada\Projeto_EDA\Teste\Manager.c(164,60): error C2146: syntax error: missing ';' before identifier 'newManager'
D:\IPCA\Estruturas de dados avançada\Projeto_EDA\Teste\Manager.c(164,70): error C2059: syntax error: ')'
D:\IPCA\Estruturas de dados avançada\Projeto_EDA\Teste\Manager.c(164,72): error C2054: expected '(' to follow 'newManager'
D:\IPCA\Estruturas de dados avançada\Projeto_EDA\Teste\Manager.c(189,31): error C2143: syntax error: missing ')' before '*'
D:\IPCA\Estruturas de dados avançada\Projeto_EDA\Teste\Manager.c(189,31): error C2143: syntax error: missing '{' before '*'
D:\IPCA\Estruturas de dados avançada\Projeto_EDA\Teste\Manager.c(189,51): error C2059: syntax error: 'type'
D:\IPCA\Estruturas de dados avançada\Projeto_EDA\Teste\Manager.c(189,53): error C2059: syntax error: ')'
D:\IPCA\Estruturas de dados avançada\Projeto_EDA\Teste\Manager.c(211,29): error C2143: syntax error: missing ')' before '*'
D:\IPCA\Estruturas de dados avançada\Projeto_EDA\Teste\Manager.c(211,29): error C2143: syntax error: missing '{' before '*'
D:\IPCA\Estruturas de dados avançada\Projeto_EDA\Teste\Manager.c(211,45): error C2371: 'Manager': redefinition; different basic types
D:\IPCA\Estruturas de dados avançada\Projeto_EDA\Teste\Manager.h(29,2): message : see declaration of 'Manager'
D:\IPCA\Estruturas de dados avançada\Projeto_EDA\Teste\Manager.c(211,53): error C2146: syntax error: missing ';' before identifier 'selectedManager'
D:\IPCA\Estruturas de dados avançada\Projeto_EDA\Teste\Manager.c(211,68): error C2059: syntax error: ')'
D:\IPCA\Estruturas de dados avançada\Projeto_EDA\Teste\Manager.c(211,70): error C2054: expected '(' to follow 'selectedManager'
D:\IPCA\Estruturas de dados avançada\Projeto_EDA\Teste\Manager.c(231,12): error C2143: syntax error: missing '{' before '*'
D:\IPCA\Estruturas de dados avançada\Projeto_EDA\Teste\Manager.c(231,42): error C2143: syntax error: missing ')' before '*'
D:\IPCA\Estruturas de dados avançada\Projeto_EDA\Teste\Manager.c(231,42): error C2143: syntax error: missing '{' before '*'
D:\IPCA\Estruturas de dados avançada\Projeto_EDA\Teste\Manager.c(231,56): error C2059: syntax error: ')'
D:\IPCA\Estruturas de dados avançada\Projeto_EDA\Teste\Manager.c(231,58): error C2054: expected '(' to follow 'firstManager'
D:\IPCA\Estruturas de dados avançada\Projeto_EDA\Teste\Manager.c(254,36): error C2143: syntax error: missing ')' before '*'
D:\IPCA\Estruturas de dados avançada\Projeto_EDA\Teste\Manager.c(254,36): error C2143: syntax error: missing '{' before '*'
D:\IPCA\Estruturas de dados avançada\Projeto_EDA\Teste\Manager.c(254,36): fatal  error C1003: error count exceeds 100; stopping compilation
  Screen.c
D:\IPCA\Estruturas de dados avançada\Projeto_EDA\Teste\Cliente.h(26,22): warning C4091: 'typedef ': ignored on left of 'Client' when no variable is declared
D:\IPCA\Estruturas de dados avançada\Projeto_EDA\Teste\Cliente.h(39,2): error C2061: syntax error: identifier 'Client'
D:\IPCA\Estruturas de dados avançada\Projeto_EDA\Teste\Cliente.h(40,12): error C2143: syntax error: missing '{' before '*'
D:\IPCA\Estruturas de dados avançada\Projeto_EDA\Teste\Cliente.h(41,1): error C2059: syntax error: '}'
D:\IPCA\Estruturas de dados avançada\Projeto_EDA\Teste\Cliente.h(48,24): error C2143: syntax error: missing ')' before '*'
D:\IPCA\Estruturas de dados avançada\Projeto_EDA\Teste\Cliente.h(48,24): error C2143: syntax error: missing '{' before '*'
D:\IPCA\Estruturas de dados avançada\Projeto_EDA\Teste\Cliente.h(48,36): error C2059: syntax error: ')'
D:\IPCA\Estruturas de dados avançada\Projeto_EDA\Teste\Cliente.h(54,11): error C2143: syntax error: missing '{' before '*'
D:\IPCA\Estruturas de dados avançada\Projeto_EDA\Teste\Cliente.h(54,42): error C2143: syntax error: missing ')' before '*'
D:\IPCA\Estruturas de dados avançada\Projeto_EDA\Teste\Cliente.h(54,42): error C2143: syntax error: missing '{' before '*'
D:\IPCA\Estruturas de dados avançada\Projeto_EDA\Teste\Cliente.h(54,60): error C2059: syntax error: 'type'
D:\IPCA\Estruturas de dados avançada\Projeto_EDA\Teste\Cliente.h(54,97): error C2059: syntax error: ')'
D:\IPCA\Estruturas de dados avançada\Projeto_EDA\Teste\Cliente.h(60,11): error C2143: syntax error: missing '{' before '*'
D:\IPCA\Estruturas de dados avançada\Projeto_EDA\Teste\Cliente.h(66,11): error C2143: syntax error: missing '{' before '*'
D:\IPCA\Estruturas de dados avançada\Projeto_EDA\Teste\Cliente.h(72,43): error C2143: syntax error: missing ')' before '*'
D:\IPCA\Estruturas de dados avançada\Projeto_EDA\Teste\Cliente.h(72,43): error C2081: 'ClientList': name in formal parameter list illegal
D:\IPCA\Estruturas de dados avançada\Projeto_EDA\Teste\Cliente.h(72,43): error C2143: syntax error: missing '{' before '*'
D:\IPCA\Estruturas de dados avançada\Projeto_EDA\Teste\Cliente.h(72,55): error C2059: syntax error: ')'
D:\IPCA\Estruturas de dados avançada\Projeto_EDA\Teste\Cliente.h(78,11): error C2143: syntax error: missing '{' before '*'
D:\IPCA\Estruturas de dados avançada\Projeto_EDA\Teste\Cliente.h(78,33): error C2143: syntax error: missing ')' before '*'
D:\IPCA\Estruturas de dados avançada\Projeto_EDA\Teste\Cliente.h(78,33): error C2143: syntax error: missing '{' before '*'
D:\IPCA\Estruturas de dados avançada\Projeto_EDA\Teste\Cliente.h(78,54): error C2146: syntax error: missing ';' before identifier 'newClient'
D:\IPCA\Estruturas de dados avançada\Projeto_EDA\Teste\Cliente.h(78,63): error C2059: syntax error: ')'
D:\IPCA\Estruturas de dados avançada\Projeto_EDA\Teste\Cliente.h(84,29): error C2143: syntax error: missing ')' before '*'
D:\IPCA\Estruturas de dados avançada\Projeto_EDA\Teste\Cliente.h(84,29): error C2143: syntax error: missing '{' before '*'
D:\IPCA\Estruturas de dados avançada\Projeto_EDA\Teste\Cliente.h(84,47): error C2059: syntax error: 'type'
D:\IPCA\Estruturas de dados avançada\Projeto_EDA\Teste\Cliente.h(84,49): error C2059: syntax error: ')'
D:\IPCA\Estruturas de dados avançada\Projeto_EDA\Teste\Cliente.h(90,27): error C2143: syntax error: missing ')' before '*'
D:\IPCA\Estruturas de dados avançada\Projeto_EDA\Teste\Cliente.h(90,27): error C2143: syntax error: missing '{' before '*'
D:\IPCA\Estruturas de dados avançada\Projeto_EDA\Teste\Cliente.h(90,48): error C2146: syntax error: missing ';' before identifier 'selectedClient'
D:\IPCA\Estruturas de dados avançada\Projeto_EDA\Teste\Cliente.h(90,62): error C2059: syntax error: ')'
D:\IPCA\Estruturas de dados avançada\Projeto_EDA\Teste\Cliente.h(96,11): error C2143: syntax error: missing '{' before '*'
D:\IPCA\Estruturas de dados avançada\Projeto_EDA\Teste\Cliente.h(96,33): error C2143: syntax error: missing ')' before '*'
D:\IPCA\Estruturas de dados avançada\Projeto_EDA\Teste\Cliente.h(96,33): error C2143: syntax error: missing '{' before '*'
D:\IPCA\Estruturas de dados avançada\Projeto_EDA\Teste\Cliente.h(96,45): error C2059: syntax error: ')'
D:\IPCA\Estruturas de dados avançada\Projeto_EDA\Teste\Cliente.h(103,7): error C2143: syntax error: missing '{' before '*'
D:\IPCA\Estruturas de dados avançada\Projeto_EDA\Teste\Cliente.h(103,30): error C2143: syntax error: missing ')' before '*'
D:\IPCA\Estruturas de dados avançada\Projeto_EDA\Teste\Cliente.h(103,30): error C2143: syntax error: missing '{' before '*'
D:\IPCA\Estruturas de dados avançada\Projeto_EDA\Teste\Cliente.h(103,48): error C2059: syntax error: 'type'
D:\IPCA\Estruturas de dados avançada\Projeto_EDA\Teste\Cliente.h(103,50): error C2059: syntax error: ')'
D:\IPCA\Estruturas de dados avançada\Projeto_EDA\Teste\Cliente.h(110,28): error C2143: syntax error: missing ')' before '*'
D:\IPCA\Estruturas de dados avançada\Projeto_EDA\Teste\Cliente.h(110,28): error C2143: syntax error: missing '{' before '*'
D:\IPCA\Estruturas de dados avançada\Projeto_EDA\Teste\Cliente.h(110,40): error C2059: syntax error: ')'
D:\IPCA\Estruturas de dados avançada\Projeto_EDA\Teste\Cliente.h(115,30): error C2146: syntax error: missing ')' before identifier 'client'
D:\IPCA\Estruturas de dados avançada\Projeto_EDA\Teste\Cliente.h(115,30): error C2061: syntax error: identifier 'client'
D:\IPCA\Estruturas de dados avançada\Projeto_EDA\Teste\Cliente.h(115,30): error C2059: syntax error: ';'
D:\IPCA\Estruturas de dados avançada\Projeto_EDA\Teste\Cliente.h(115,36): error C2059: syntax error: ','
D:\IPCA\Estruturas de dados avançada\Projeto_EDA\Teste\Cliente.h(115,49): error C2059: syntax error: ')'
D:\IPCA\Estruturas de dados avançada\Projeto_EDA\Teste\Vehicle.h(44,2): error C2061: syntax error: identifier 'VehicleList'
D:\IPCA\Estruturas de dados avançada\Projeto_EDA\Teste\Vehicle.h(45,1): error C2059: syntax error: '}'
D:\IPCA\Estruturas de dados avançada\Projeto_EDA\Teste\Vehicle.h(49,12): error C2143: syntax error: missing '{' before '*'
D:\IPCA\Estruturas de dados avançada\Projeto_EDA\Teste\Vehicle.h(51,12): error C2143: syntax error: missing '{' before '*'
D:\IPCA\Estruturas de dados avançada\Projeto_EDA\Teste\Vehicle.h(53,12): error C2143: syntax error: missing '{' before '*'
D:\IPCA\Estruturas de dados avançada\Projeto_EDA\Teste\Vehicle.h(55,45): error C2143: syntax error: missing ')' before '*'
D:\IPCA\Estruturas de dados avançada\Projeto_EDA\Teste\Vehicle.h(55,45): error C2081: 'VehicleList': name in formal parameter list illegal
D:\IPCA\Estruturas de dados avançada\Projeto_EDA\Teste\Vehicle.h(55,45): error C2143: syntax error: missing '{' before '*'
D:\IPCA\Estruturas de dados avançada\Projeto_EDA\Teste\Vehicle.h(55,59): error C2059: syntax error: ')'
D:\IPCA\Estruturas de dados avançada\Projeto_EDA\Teste\Vehicle.h(57,12): error C2143: syntax error: missing '{' before '*'
D:\IPCA\Estruturas de dados avançada\Projeto_EDA\Teste\Vehicle.h(57,36): error C2143: syntax error: missing ')' before '*'
D:\IPCA\Estruturas de dados avançada\Projeto_EDA\Teste\Vehicle.h(57,36): error C2143: syntax error: missing '{' before '*'
D:\IPCA\Estruturas de dados avançada\Projeto_EDA\Teste\Vehicle.h(57,52): error C2371: 'Vehicle': redefinition; different basic types
D:\IPCA\Estruturas de dados avançada\Projeto_EDA\Teste\Vehicle.h(40,2): message : see declaration of 'Vehicle'
D:\IPCA\Estruturas de dados avançada\Projeto_EDA\Teste\Vehicle.h(57,60): error C2146: syntax error: missing ';' before identifier 'newVehicle'
D:\IPCA\Estruturas de dados avançada\Projeto_EDA\Teste\Vehicle.h(57,70): error C2059: syntax error: ')'
D:\IPCA\Estruturas de dados avançada\Projeto_EDA\Teste\Vehicle.h(59,31): error C2143: syntax error: missing ')' before '*'
D:\IPCA\Estruturas de dados avançada\Projeto_EDA\Teste\Vehicle.h(59,31): error C2143: syntax error: missing '{' before '*'
D:\IPCA\Estruturas de dados avançada\Projeto_EDA\Teste\Vehicle.h(59,51): error C2059: syntax error: 'type'
D:\IPCA\Estruturas de dados avançada\Projeto_EDA\Teste\Vehicle.h(59,53): error C2059: syntax error: ')'
D:\IPCA\Estruturas de dados avançada\Projeto_EDA\Teste\Vehicle.h(61,29): error C2143: syntax error: missing ')' before '*'
D:\IPCA\Estruturas de dados avançada\Projeto_EDA\Teste\Vehicle.h(61,29): error C2143: syntax error: missing '{' before '*'
D:\IPCA\Estruturas de dados avançada\Projeto_EDA\Teste\Vehicle.h(61,45): error C2371: 'Vehicle': redefinition; different basic types
D:\IPCA\Estruturas de dados avançada\Projeto_EDA\Teste\Vehicle.h(40,2): message : see declaration of 'Vehicle'
D:\IPCA\Estruturas de dados avançada\Projeto_EDA\Teste\Vehicle.h(61,53): error C2146: syntax error: missing ';' before identifier 'selectedVehicle'
D:\IPCA\Estruturas de dados avançada\Projeto_EDA\Teste\Vehicle.h(61,68): error C2059: syntax error: ')'
D:\IPCA\Estruturas de dados avançada\Projeto_EDA\Teste\Vehicle.h(65,12): error C2143: syntax error: missing '{' before '*'
D:\IPCA\Estruturas de dados avançada\Projeto_EDA\Teste\Vehicle.h(65,42): error C2143: syntax error: missing ')' before '*'
D:\IPCA\Estruturas de dados avançada\Projeto_EDA\Teste\Vehicle.h(65,42): error C2143: syntax error: missing '{' before '*'
D:\IPCA\Estruturas de dados avançada\Projeto_EDA\Teste\Vehicle.h(65,56): error C2059: syntax error: ')'
D:\IPCA\Estruturas de dados avançada\Projeto_EDA\Teste\Vehicle.h(67,12): error C2143: syntax error: missing '{' before '*'
D:\IPCA\Estruturas de dados avançada\Projeto_EDA\Teste\Vehicle.h(67,48): error C2143: syntax error: missing ')' before '*'
D:\IPCA\Estruturas de dados avançada\Projeto_EDA\Teste\Vehicle.h(67,48): error C2143: syntax error: missing '{' before '*'
D:\IPCA\Estruturas de dados avançada\Projeto_EDA\Teste\Vehicle.h(67,62): error C2059: syntax error: ')'
D:\IPCA\Estruturas de dados avançada\Projeto_EDA\Teste\Vehicle.h(69,12): error C2143: syntax error: missing '{' before '*'
D:\IPCA\Estruturas de dados avançada\Projeto_EDA\Teste\Vehicle.h(69,49): error C2143: syntax error: missing ')' before '*'
D:\IPCA\Estruturas de dados avançada\Projeto_EDA\Teste\Vehicle.h(69,49): error C2143: syntax error: missing '{' before '*'
D:\IPCA\Estruturas de dados avançada\Projeto_EDA\Teste\Vehicle.h(69,69): error C2059: syntax error: 'type'
D:\IPCA\Estruturas de dados avançada\Projeto_EDA\Teste\Vehicle.h(69,79): error C2059: syntax error: ')'
D:\IPCA\Estruturas de dados avançada\Projeto_EDA\Teste\Vehicle.h(71,12): error C2143: syntax error: missing '{' before '*'
D:\IPCA\Estruturas de dados avançada\Projeto_EDA\Teste\Vehicle.h(71,43): error C2143: syntax error: missing ')' before '*'
D:\IPCA\Estruturas de dados avançada\Projeto_EDA\Teste\Vehicle.h(71,43): error C2143: syntax error: missing '{' before '*'
D:\IPCA\Estruturas de dados avançada\Projeto_EDA\Teste\Vehicle.h(71,63): error C2059: syntax error: 'type'
D:\IPCA\Estruturas de dados avançada\Projeto_EDA\Teste\Vehicle.h(71,65): error C2059: syntax error: ')'
D:\IPCA\Estruturas de dados avançada\Projeto_EDA\Teste\Vehicle.h(73,36): error C2143: syntax error: missing ')' before '*'
D:\IPCA\Estruturas de dados avançada\Projeto_EDA\Teste\Vehicle.h(73,36): error C2143: syntax error: missing '{' before '*'
D:\IPCA\Estruturas de dados avançada\Projeto_EDA\Teste\Vehicle.h(73,50): error C2059: syntax error: ')'
D:\IPCA\Estruturas de dados avançada\Projeto_EDA\Teste\Vehicle.h(75,42): error C2143: syntax error: missing ')' before '*'
D:\IPCA\Estruturas de dados avançada\Projeto_EDA\Teste\Vehicle.h(75,42): error C2081: 'Client': name in formal parameter list illegal
D:\IPCA\Estruturas de dados avançada\Projeto_EDA\Teste\Vehicle.h(75,42): error C2143: syntax error: missing '{' before '*'
D:\IPCA\Estruturas de dados avançada\Projeto_EDA\Teste\Vehicle.h(75,50): error C2059: syntax error: ')'
D:\IPCA\Estruturas de dados avançada\Projeto_EDA\Teste\Manager.h(33,2): error C2061: syntax error: identifier 'ManagerList'
D:\IPCA\Estruturas de dados avançada\Projeto_EDA\Teste\Manager.h(34,1): error C2059: syntax error: '}'
D:\IPCA\Estruturas de dados avançada\Projeto_EDA\Teste\Manager.h(36,30): error C2143: syntax error: missing ')' before '*'
D:\IPCA\Estruturas de dados avançada\Projeto_EDA\Teste\Manager.h(36,30): error C2143: syntax error: missing '{' before '*'
D:\IPCA\Estruturas de dados avançada\Projeto_EDA\Teste\Manager.h(36,44): error C2059: syntax error: ')'
D:\IPCA\Estruturas de dados avançada\Projeto_EDA\Teste\Manager.h(36,44): fatal  error C1003: error count exceeds 100; stopping compilation
  Vehicle.c
D:\IPCA\Estruturas de dados avançada\Projeto_EDA\Teste\Cliente.h(26,22): warning C4091: 'typedef ': ignored on left of 'Client' when no variable is declared
D:\IPCA\Estruturas de dados avançada\Projeto_EDA\Teste\Cliente.h(39,2): error C2061: syntax error: identifier 'Client'
D:\IPCA\Estruturas de dados avançada\Projeto_EDA\Teste\Cliente.h(40,12): error C2143: syntax error: missing '{' before '*'
D:\IPCA\Estruturas de dados avançada\Projeto_EDA\Teste\Cliente.h(41,1): error C2059: syntax error: '}'
D:\IPCA\Estruturas de dados avançada\Projeto_EDA\Teste\Cliente.h(48,24): error C2143: syntax error: missing ')' before '*'
D:\IPCA\Estruturas de dados avançada\Projeto_EDA\Teste\Cliente.h(48,24): error C2143: syntax error: missing '{' before '*'
D:\IPCA\Estruturas de dados avançada\Projeto_EDA\Teste\Cliente.h(48,36): error C2059: syntax error: ')'
D:\IPCA\Estruturas de dados avançada\Projeto_EDA\Teste\Cliente.h(54,11): error C2143: syntax error: missing '{' before '*'
D:\IPCA\Estruturas de dados avançada\Projeto_EDA\Teste\Cliente.h(54,42): error C2143: syntax error: missing ')' before '*'
D:\IPCA\Estruturas de dados avançada\Projeto_EDA\Teste\Cliente.h(54,42): error C2143: syntax error: missing '{' before '*'
D:\IPCA\Estruturas de dados avançada\Projeto_EDA\Teste\Cliente.h(54,60): error C2059: syntax error: 'type'
D:\IPCA\Estruturas de dados avançada\Projeto_EDA\Teste\Cliente.h(54,97): error C2059: syntax error: ')'
D:\IPCA\Estruturas de dados avançada\Projeto_EDA\Teste\Cliente.h(60,11): error C2143: syntax error: missing '{' before '*'
D:\IPCA\Estruturas de dados avançada\Projeto_EDA\Teste\Cliente.h(66,11): error C2143: syntax error: missing '{' before '*'
D:\IPCA\Estruturas de dados avançada\Projeto_EDA\Teste\Cliente.h(72,43): error C2143: syntax error: missing ')' before '*'
D:\IPCA\Estruturas de dados avançada\Projeto_EDA\Teste\Cliente.h(72,43): error C2081: 'ClientList': name in formal parameter list illegal
D:\IPCA\Estruturas de dados avançada\Projeto_EDA\Teste\Cliente.h(72,43): error C2143: syntax error: missing '{' before '*'
D:\IPCA\Estruturas de dados avançada\Projeto_EDA\Teste\Cliente.h(72,55): error C2059: syntax error: ')'
D:\IPCA\Estruturas de dados avançada\Projeto_EDA\Teste\Cliente.h(78,11): error C2143: syntax error: missing '{' before '*'
D:\IPCA\Estruturas de dados avançada\Projeto_EDA\Teste\Cliente.h(78,33): error C2143: syntax error: missing ')' before '*'
D:\IPCA\Estruturas de dados avançada\Projeto_EDA\Teste\Cliente.h(78,33): error C2143: syntax error: missing '{' before '*'
D:\IPCA\Estruturas de dados avançada\Projeto_EDA\Teste\Cliente.h(78,54): error C2146: syntax error: missing ';' before identifier 'newClient'
D:\IPCA\Estruturas de dados avançada\Projeto_EDA\Teste\Cliente.h(78,63): error C2059: syntax error: ')'
D:\IPCA\Estruturas de dados avançada\Projeto_EDA\Teste\Cliente.h(84,29): error C2143: syntax error: missing ')' before '*'
D:\IPCA\Estruturas de dados avançada\Projeto_EDA\Teste\Cliente.h(84,29): error C2143: syntax error: missing '{' before '*'
D:\IPCA\Estruturas de dados avançada\Projeto_EDA\Teste\Cliente.h(84,47): error C2059: syntax error: 'type'
D:\IPCA\Estruturas de dados avançada\Projeto_EDA\Teste\Cliente.h(84,49): error C2059: syntax error: ')'
D:\IPCA\Estruturas de dados avançada\Projeto_EDA\Teste\Cliente.h(90,27): error C2143: syntax error: missing ')' before '*'
D:\IPCA\Estruturas de dados avançada\Projeto_EDA\Teste\Cliente.h(90,27): error C2143: syntax error: missing '{' before '*'
D:\IPCA\Estruturas de dados avançada\Projeto_EDA\Teste\Cliente.h(90,48): error C2146: syntax error: missing ';' before identifier 'selectedClient'
D:\IPCA\Estruturas de dados avançada\Projeto_EDA\Teste\Cliente.h(90,62): error C2059: syntax error: ')'
D:\IPCA\Estruturas de dados avançada\Projeto_EDA\Teste\Cliente.h(96,11): error C2143: syntax error: missing '{' before '*'
D:\IPCA\Estruturas de dados avançada\Projeto_EDA\Teste\Cliente.h(96,33): error C2143: syntax error: missing ')' before '*'
D:\IPCA\Estruturas de dados avançada\Projeto_EDA\Teste\Cliente.h(96,33): error C2143: syntax error: missing '{' before '*'
D:\IPCA\Estruturas de dados avançada\Projeto_EDA\Teste\Cliente.h(96,45): error C2059: syntax error: ')'
D:\IPCA\Estruturas de dados avançada\Projeto_EDA\Teste\Cliente.h(103,7): error C2143: syntax error: missing '{' before '*'
D:\IPCA\Estruturas de dados avançada\Projeto_EDA\Teste\Cliente.h(103,30): error C2143: syntax error: missing ')' before '*'
D:\IPCA\Estruturas de dados avançada\Projeto_EDA\Teste\Cliente.h(103,30): error C2143: syntax error: missing '{' before '*'
D:\IPCA\Estruturas de dados avançada\Projeto_EDA\Teste\Cliente.h(103,48): error C2059: syntax error: 'type'
D:\IPCA\Estruturas de dados avançada\Projeto_EDA\Teste\Cliente.h(103,50): error C2059: syntax error: ')'
D:\IPCA\Estruturas de dados avançada\Projeto_EDA\Teste\Cliente.h(110,28): error C2143: syntax error: missing ')' before '*'
D:\IPCA\Estruturas de dados avançada\Projeto_EDA\Teste\Cliente.h(110,28): error C2143: syntax error: missing '{' before '*'
D:\IPCA\Estruturas de dados avançada\Projeto_EDA\Teste\Cliente.h(110,40): error C2059: syntax error: ')'
D:\IPCA\Estruturas de dados avançada\Projeto_EDA\Teste\Cliente.h(115,30): error C2146: syntax error: missing ')' before identifier 'client'
D:\IPCA\Estruturas de dados avançada\Projeto_EDA\Teste\Cliente.h(115,30): error C2061: syntax error: identifier 'client'
D:\IPCA\Estruturas de dados avançada\Projeto_EDA\Teste\Cliente.h(115,30): error C2059: syntax error: ';'
D:\IPCA\Estruturas de dados avançada\Projeto_EDA\Teste\Cliente.h(115,36): error C2059: syntax error: ','
D:\IPCA\Estruturas de dados avançada\Projeto_EDA\Teste\Cliente.h(115,49): error C2059: syntax error: ')'
D:\IPCA\Estruturas de dados avançada\Projeto_EDA\Teste\Vehicle.h(44,2): error C2061: syntax error: identifier 'VehicleList'
D:\IPCA\Estruturas de dados avançada\Projeto_EDA\Teste\Vehicle.h(45,1): error C2059: syntax error: '}'
D:\IPCA\Estruturas de dados avançada\Projeto_EDA\Teste\Vehicle.h(49,12): error C2143: syntax error: missing '{' before '*'
D:\IPCA\Estruturas de dados avançada\Projeto_EDA\Teste\Vehicle.h(51,12): error C2143: syntax error: missing '{' before '*'
D:\IPCA\Estruturas de dados avançada\Projeto_EDA\Teste\Vehicle.h(53,12): error C2143: syntax error: missing '{' before '*'
D:\IPCA\Estruturas de dados avançada\Projeto_EDA\Teste\Vehicle.h(55,45): error C2143: syntax error: missing ')' before '*'
D:\IPCA\Estruturas de dados avançada\Projeto_EDA\Teste\Vehicle.h(55,45): error C2081: 'VehicleList': name in formal parameter list illegal
D:\IPCA\Estruturas de dados avançada\Projeto_EDA\Teste\Vehicle.h(55,45): error C2143: syntax error: missing '{' before '*'
D:\IPCA\Estruturas de dados avançada\Projeto_EDA\Teste\Vehicle.h(55,59): error C2059: syntax error: ')'
D:\IPCA\Estruturas de dados avançada\Projeto_EDA\Teste\Vehicle.h(57,12): error C2143: syntax error: missing '{' before '*'
D:\IPCA\Estruturas de dados avançada\Projeto_EDA\Teste\Vehicle.h(57,36): error C2143: syntax error: missing ')' before '*'
D:\IPCA\Estruturas de dados avançada\Projeto_EDA\Teste\Vehicle.h(57,36): error C2143: syntax error: missing '{' before '*'
D:\IPCA\Estruturas de dados avançada\Projeto_EDA\Teste\Vehicle.h(57,52): error C2371: 'Vehicle': redefinition; different basic types
D:\IPCA\Estruturas de dados avançada\Projeto_EDA\Teste\Vehicle.h(40,2): message : see declaration of 'Vehicle'
D:\IPCA\Estruturas de dados avançada\Projeto_EDA\Teste\Vehicle.h(57,60): error C2146: syntax error: missing ';' before identifier 'newVehicle'
D:\IPCA\Estruturas de dados avançada\Projeto_EDA\Teste\Vehicle.h(57,70): error C2059: syntax error: ')'
D:\IPCA\Estruturas de dados avançada\Projeto_EDA\Teste\Vehicle.h(59,31): error C2143: syntax error: missing ')' before '*'
D:\IPCA\Estruturas de dados avançada\Projeto_EDA\Teste\Vehicle.h(59,31): error C2143: syntax error: missing '{' before '*'
D:\IPCA\Estruturas de dados avançada\Projeto_EDA\Teste\Vehicle.h(59,51): error C2059: syntax error: 'type'
D:\IPCA\Estruturas de dados avançada\Projeto_EDA\Teste\Vehicle.h(59,53): error C2059: syntax error: ')'
D:\IPCA\Estruturas de dados avançada\Projeto_EDA\Teste\Vehicle.h(61,29): error C2143: syntax error: missing ')' before '*'
D:\IPCA\Estruturas de dados avançada\Projeto_EDA\Teste\Vehicle.h(61,29): error C2143: syntax error: missing '{' before '*'
D:\IPCA\Estruturas de dados avançada\Projeto_EDA\Teste\Vehicle.h(61,45): error C2371: 'Vehicle': redefinition; different basic types
D:\IPCA\Estruturas de dados avançada\Projeto_EDA\Teste\Vehicle.h(40,2): message : see declaration of 'Vehicle'
D:\IPCA\Estruturas de dados avançada\Projeto_EDA\Teste\Vehicle.h(61,53): error C2146: syntax error: missing ';' before identifier 'selectedVehicle'
D:\IPCA\Estruturas de dados avançada\Projeto_EDA\Teste\Vehicle.h(61,68): error C2059: syntax error: ')'
D:\IPCA\Estruturas de dados avançada\Projeto_EDA\Teste\Vehicle.h(65,12): error C2143: syntax error: missing '{' before '*'
D:\IPCA\Estruturas de dados avançada\Projeto_EDA\Teste\Vehicle.h(65,42): error C2143: syntax error: missing ')' before '*'
D:\IPCA\Estruturas de dados avançada\Projeto_EDA\Teste\Vehicle.h(65,42): error C2143: syntax error: missing '{' before '*'
D:\IPCA\Estruturas de dados avançada\Projeto_EDA\Teste\Vehicle.h(65,56): error C2059: syntax error: ')'
D:\IPCA\Estruturas de dados avançada\Projeto_EDA\Teste\Vehicle.h(67,12): error C2143: syntax error: missing '{' before '*'
D:\IPCA\Estruturas de dados avançada\Projeto_EDA\Teste\Vehicle.h(67,48): error C2143: syntax error: missing ')' before '*'
D:\IPCA\Estruturas de dados avançada\Projeto_EDA\Teste\Vehicle.h(67,48): error C2143: syntax error: missing '{' before '*'
D:\IPCA\Estruturas de dados avançada\Projeto_EDA\Teste\Vehicle.h(67,62): error C2059: syntax error: ')'
D:\IPCA\Estruturas de dados avançada\Projeto_EDA\Teste\Vehicle.h(69,12): error C2143: syntax error: missing '{' before '*'
D:\IPCA\Estruturas de dados avançada\Projeto_EDA\Teste\Vehicle.h(69,49): error C2143: syntax error: missing ')' before '*'
D:\IPCA\Estruturas de dados avançada\Projeto_EDA\Teste\Vehicle.h(69,49): error C2143: syntax error: missing '{' before '*'
D:\IPCA\Estruturas de dados avançada\Projeto_EDA\Teste\Vehicle.h(69,69): error C2059: syntax error: 'type'
D:\IPCA\Estruturas de dados avançada\Projeto_EDA\Teste\Vehicle.h(69,79): error C2059: syntax error: ')'
D:\IPCA\Estruturas de dados avançada\Projeto_EDA\Teste\Vehicle.h(71,12): error C2143: syntax error: missing '{' before '*'
D:\IPCA\Estruturas de dados avançada\Projeto_EDA\Teste\Vehicle.h(71,43): error C2143: syntax error: missing ')' before '*'
D:\IPCA\Estruturas de dados avançada\Projeto_EDA\Teste\Vehicle.h(71,43): error C2143: syntax error: missing '{' before '*'
D:\IPCA\Estruturas de dados avançada\Projeto_EDA\Teste\Vehicle.h(71,63): error C2059: syntax error: 'type'
D:\IPCA\Estruturas de dados avançada\Projeto_EDA\Teste\Vehicle.h(71,65): error C2059: syntax error: ')'
D:\IPCA\Estruturas de dados avançada\Projeto_EDA\Teste\Vehicle.h(73,36): error C2143: syntax error: missing ')' before '*'
D:\IPCA\Estruturas de dados avançada\Projeto_EDA\Teste\Vehicle.h(73,36): error C2143: syntax error: missing '{' before '*'
D:\IPCA\Estruturas de dados avançada\Projeto_EDA\Teste\Vehicle.h(73,50): error C2059: syntax error: ')'
D:\IPCA\Estruturas de dados avançada\Projeto_EDA\Teste\Vehicle.h(75,42): error C2143: syntax error: missing ')' before '*'
D:\IPCA\Estruturas de dados avançada\Projeto_EDA\Teste\Vehicle.h(75,42): error C2081: 'Client': name in formal parameter list illegal
D:\IPCA\Estruturas de dados avançada\Projeto_EDA\Teste\Vehicle.h(75,42): error C2143: syntax error: missing '{' before '*'
D:\IPCA\Estruturas de dados avançada\Projeto_EDA\Teste\Vehicle.h(75,50): error C2059: syntax error: ')'
D:\IPCA\Estruturas de dados avançada\Projeto_EDA\Teste\Vehicle.c(39,12): error C2143: syntax error: missing '{' before '*'
D:\IPCA\Estruturas de dados avançada\Projeto_EDA\Teste\Vehicle.c(41,15): warning C4133: '=': incompatible types - from 'int *' to 'Vehicle *'
D:\IPCA\Estruturas de dados avançada\Projeto_EDA\Teste\Vehicle.c(42,2): warning C4013: 'SaveVehicle' undefined; assuming extern returning int
D:\IPCA\Estruturas de dados avançada\Projeto_EDA\Teste\Vehicle.c(43,2): warning C4133: 'return': incompatible types - from 'Vehicle *' to 'int *'
D:\IPCA\Estruturas de dados avançada\Projeto_EDA\Teste\Vehicle.c(52,12): error C2143: syntax error: missing '{' before '*'
D:\IPCA\Estruturas de dados avançada\Projeto_EDA\Teste\Vehicle.c(54,13): error C2065: 'VehicleList': undeclared identifier
D:\IPCA\Estruturas de dados avançada\Projeto_EDA\Teste\Vehicle.c(54,13): error C2297: '*': not valid as right operand has type 'int *'
D:\IPCA\Estruturas de dados avançada\Projeto_EDA\Teste\Vehicle.c(62,14): error C2065: 'VehicleList': undeclared identifier
D:\IPCA\Estruturas de dados avançada\Projeto_EDA\Teste\Vehicle.c(62,14): fatal  error C1003: error count exceeds 100; stopping compilation
  Generating Code...
